<<<<<<< HEAD
C:\Users\CarryWho\Desktop\tiddlywiki 
Already up to date.
---------------------------------------- 
 
C:\Users\CarryWho\Desktop\tiddlywiki 
[main 4ea037f] Bat script auto commit
 2 files changed, 84 insertions(+)
 create mode 100644 AutoGit.log
 create mode 100644 "tiddlers/\350\204\261\347\246\273\345\244\252\350\256\260\347\232\204\350\207\252\345\212\250Git\346\217\220\344\272\244\345\222\214\346\213\211\345\217\226\350\204\232\346\234\254.tid"
branch 'main' set up to track 'origin/main'.
---------------------------------------- 
 
C:\Users\CarryWho\Desktop\tiddlywiki 
Already up to date.
---------------------------------------- 
 
C:\Users\CarryWho\Desktop\tiddlywiki 
[main 6057211] Bat script auto commit
 2 files changed, 4 insertions(+), 3 deletions(-)
branch 'main' set up to track 'origin/main'.
---------------------------------------- 
 
C:\Users\CarryWho\Desktop\tiddlywiki 
=======
E:\wikis\tiddlywiki 
---------------------------------------- 
 
E:\wikis\tiddlywiki 
---------------------------------------- 
 
E:\wikis\tiddlywiki 
---------------------------------------- 
 
>>>>>>> 7235c72 (Updated with Git-Sync)
